[2023-02-19 23:03:40,170] {taskinstance.py:1159} INFO - Dependencies all met for <TaskInstance: members_delta_hourly_extract.clean_and_load_task manual__2023-02-19T23:03:32.851323+00:00 [queued]>
[2023-02-19 23:03:40,205] {taskinstance.py:1159} INFO - Dependencies all met for <TaskInstance: members_delta_hourly_extract.clean_and_load_task manual__2023-02-19T23:03:32.851323+00:00 [queued]>
[2023-02-19 23:03:40,211] {taskinstance.py:1356} INFO - 
--------------------------------------------------------------------------------
[2023-02-19 23:03:40,242] {taskinstance.py:1357} INFO - Starting attempt 1 of 2
[2023-02-19 23:03:40,267] {taskinstance.py:1358} INFO - 
--------------------------------------------------------------------------------
[2023-02-19 23:03:40,302] {taskinstance.py:1377} INFO - Executing <Task(MembersDeltaHourlyExtractOperator): clean_and_load_task> on 2023-02-19 23:03:32.851323+00:00
[2023-02-19 23:03:40,334] {standard_task_runner.py:52} INFO - Started process 965 to run task
[2023-02-19 23:03:40,344] {standard_task_runner.py:79} INFO - Running: ['***', 'tasks', 'run', 'members_delta_hourly_extract', 'clean_and_load_task', 'manual__2023-02-19T23:03:32.851323+00:00', '--job-id', '60', '--raw', '--subdir', 'DAGS_FOLDER/members_delta_extract_hourly_dag/members_delta_hourly_extract.py', '--cfg-path', '/tmp/tmpyxjv91wb', '--error-file', '/tmp/tmpxq2gb0vn']
[2023-02-19 23:03:40,350] {standard_task_runner.py:80} INFO - Job 60: Subtask clean_and_load_task
[2023-02-19 23:03:40,457] {task_command.py:369} INFO - Running <TaskInstance: members_delta_hourly_extract.clean_and_load_task manual__2023-02-19T23:03:32.851323+00:00 [running]> on host ff325d103691
[2023-02-19 23:03:40,554] {taskinstance.py:1571} INFO - Exporting the following env vars:
AIRFLOW_CTX_DAG_OWNER=***
AIRFLOW_CTX_DAG_ID=members_delta_hourly_extract
AIRFLOW_CTX_TASK_ID=clean_and_load_task
AIRFLOW_CTX_EXECUTION_DATE=2023-02-19T23:03:32.851323+00:00
AIRFLOW_CTX_TRY_NUMBER=1
AIRFLOW_CTX_DAG_RUN_ID=manual__2023-02-19T23:03:32.851323+00:00
[2023-02-19 23:03:40,560] {warnings.py:110} WARNING - /home/***/.local/lib/python3.7/site-packages/***/utils/context.py:202: AirflowContextDeprecationWarning: Accessing 'execution_date' from the template is deprecated and will be removed in a future version. Please use 'data_interval_start' or 'logical_date' instead.
  warnings.warn(_create_deprecation_warning(key, self._deprecation_replacements[key]))

[2023-02-19 23:03:40,706] {members_delta_hourly_extract.py:139} INFO - Start Cleaning and loading Data
[2023-02-19 23:03:40,714] {members_delta_hourly_extract.py:147} INFO - There are files to be processed
[2023-02-19 23:03:40,869] {warnings.py:110} WARNING - /home/***/.local/lib/python3.7/site-packages/pandas/core/frame.py:3641: SettingWithCopyWarning: 
A value is trying to be set on a copy of a slice from a DataFrame.
Try using .loc[row_indexer,col_indexer] = value instead

See the caveats in the documentation: https://pandas.pydata.org/pandas-docs/stable/user_guide/indexing.html#returning-a-view-versus-a-copy
  self[k1] = value[k2]

[2023-02-19 23:03:40,877] {warnings.py:110} WARNING - /opt/***/plugins/members_delta_hourly_extract.py:184: SettingWithCopyWarning: 
A value is trying to be set on a copy of a slice from a DataFrame.
Try using .loc[row_indexer,col_indexer] = value instead

See the caveats in the documentation: https://pandas.pydata.org/pandas-docs/stable/user_guide/indexing.html#returning-a-view-versus-a-copy
  sucessful['date_of_birth'] = sucessful['date_of_birth_cleaned'].apply(lambda x: _format_birthday(x))

[2023-02-19 23:03:40,887] {warnings.py:110} WARNING - /opt/***/plugins/members_delta_hourly_extract.py:187: SettingWithCopyWarning: 
A value is trying to be set on a copy of a slice from a DataFrame.
Try using .loc[row_indexer,col_indexer] = value instead

See the caveats in the documentation: https://pandas.pydata.org/pandas-docs/stable/user_guide/indexing.html#returning-a-view-versus-a-copy
  sucessful['membership_id'] = sucessful.apply(lambda x: _gen_membership_id(x['date_of_birth'],x['last_name']), axis=1)

[2023-02-19 23:03:40,891] {warnings.py:110} WARNING - /opt/***/plugins/members_delta_hourly_extract.py:190: SettingWithCopyWarning: 
A value is trying to be set on a copy of a slice from a DataFrame.
Try using .loc[row_indexer,col_indexer] = value instead

See the caveats in the documentation: https://pandas.pydata.org/pandas-docs/stable/user_guide/indexing.html#returning-a-view-versus-a-copy
  sucessful['mobile_no'] = df['mobile_no_cleaned']

[2023-02-19 23:03:41,572] {members_delta_hourly_extract.py:135} INFO - no records were missed during the cleaning process
[2023-02-19 23:03:41,586] {members_delta_hourly_extract.py:202} INFO - Cleaning has completed and files have been output into sucess and failed folder respectively
[2023-02-19 23:03:41,587] {members_delta_hourly_extract.py:203} INFO - Sucessful records are output to /opt/***/dags/members_delta_extract_hourly_dag/resources/success/members_2023-02-19T23:03:32.851323+00:00.csv
[2023-02-19 23:03:41,589] {members_delta_hourly_extract.py:204} INFO - Failed records are output to /opt/***/dags/members_delta_extract_hourly_dag/resources/failed/members_2023-02-19T23:03:32.851323+00:00.csv
[2023-02-19 23:03:41,646] {taskinstance.py:1400} INFO - Marking task as SUCCESS. dag_id=members_delta_hourly_extract, task_id=clean_and_load_task, execution_date=20230219T230332, start_date=20230219T230340, end_date=20230219T230341
[2023-02-19 23:03:41,710] {local_task_job.py:156} INFO - Task exited with return code 0
[2023-02-19 23:03:41,781] {local_task_job.py:273} INFO - 1 downstream tasks scheduled from follow-on schedule check
